current directory: /Users/wasp/Desktop/My_Project/Ruby on Rails dev-course/Rails_projects/test_app/vendor/bundle/gems/nokogiri-1.10.3/ext/nokogiri
/Users/wasp/.rbenv/versions/2.5.0/bin/ruby -I /Users/wasp/.rbenv/versions/2.5.0/lib/ruby/site_ruby/2.5.0 -r ./siteconf20190729-41993-cc8lpi.rb extconf.rb --with-xml2-config\=/usr/local/opt/libxml2/bin/xml2-config\ --with-xslt-config\=/usr/local/opt/libxslt/bin/xslt-config
checking if the C compiler accepts  -I /Library/Developer/CommandLineTools/SDKs/MacOSX.sdk/usr/include/libxml2... yes
checking if the C compiler accepts -Wno-error=unused-command-line-argument-hard-error-in-future... no
Building nokogiri using packaged libraries.
Using mini_portile version 2.4.0
checking for iconv.h... yes
checking for gzdopen() in -lz... yes
checking for iconv... yes
************************************************************************
IMPORTANT NOTICE:

Building Nokogiri with a packaged version of libxml2-2.9.9
with the following patches applied:
	- 0001-Revert-Do-not-URI-escape-in-server-side-includes.patch
	- 0002-Remove-script-macro-support.patch
	- 0003-Update-entities-to-remove-handling-of-ssi.patch

Team Nokogiri will keep on doing their best to provide security
updates in a timely manner, but if this is a concern for you and want
to use the system library instead; abort this installation process and
reinstall nokogiri as follows:

    gem install nokogiri -- --use-system-libraries
        [--with-xml2-config=/path/to/xml2-config]
        [--with-xslt-config=/path/to/xslt-config]

If you are using Bundler, tell it to use the option:

    bundle config build.nokogiri --use-system-libraries
    bundle install

Note, however, that nokogiri is not fully compatible with arbitrary
versions of libxml2 provided by OS/package vendors.
************************************************************************
Extracting libxml2-2.9.9.tar.gz into tmp/x86_64-apple-darwin17.7.0/ports/libxml2/2.9.9... OK
Running git apply with /Users/wasp/Desktop/My_Project/Ruby on Rails dev-course/Rails_projects/test_app/vendor/bundle/gems/nokogiri-1.10.3/patches/libxml2/0001-Revert-Do-not-URI-escape-in-server-side-includes.patch... OK
Running git apply with /Users/wasp/Desktop/My_Project/Ruby on Rails dev-course/Rails_projects/test_app/vendor/bundle/gems/nokogiri-1.10.3/patches/libxml2/0002-Remove-script-macro-support.patch... OK
Running git apply with /Users/wasp/Desktop/My_Project/Ruby on Rails dev-course/Rails_projects/test_app/vendor/bundle/gems/nokogiri-1.10.3/patches/libxml2/0003-Update-entities-to-remove-handling-of-ssi.patch... OK
Running 'configure' for libxml2 2.9.9... OK
Running 'compile' for libxml2 2.9.9... OK
Running 'install' for libxml2 2.9.9... ERROR, review '/Users/wasp/Desktop/My_Project/Ruby on Rails dev-course/Rails_projects/test_app/vendor/bundle/gems/nokogiri-1.10.3/ext/nokogiri/tmp/x86_64-apple-darwin17.7.0/ports/libxml2/2.9.9/install.log' to see what happened. Last lines are:
========================================================================
Making install in libxml
make[4]: Nothing to be done for `install-exec-am'.
 ../.././install-sh -c -d '/Users/wasp/Desktop/My_Project/Ruby on Rails dev-course/Rails_projects/test_app/vendor/bundle/gems/nokogiri-1.10.3/ports/x86_64-apple-darwin17.7.0/libxml2/2.9.9/include/libxml2/libxml'
 /usr/bin/install -c -m 644 SAX.h entities.h encoding.h parser.h parserInternals.h xmlerror.h HTMLparser.h HTMLtree.h debugXML.h tree.h list.h hash.h xpath.h xpathInternals.h xpointer.h xinclude.h xmlIO.h xmlmemory.h nanohttp.h nanoftp.h uri.h valid.h xlink.h xmlversion.h DOCBparser.h catalog.h threads.h globals.h c14n.h xmlautomata.h xmlregexp.h xmlmodule.h xmlschemas.h schemasInternals.h xmlschemastypes.h xmlstring.h xmlunicode.h xmlreader.h relaxng.h dict.h '/Users/wasp/Desktop/My_Project/Ruby on Rails dev-course/Rails_projects/test_app/vendor/bundle/gems/nokogiri-1.10.3/ports/x86_64-apple-darwin17.7.0/libxml2/2.9.9/include/libxml2/libxml'
 /usr/bin/install -c -m 644 SAX2.h xmlexports.h xmlwriter.h chvalid.h pattern.h xmlsave.h schematron.h '/Users/wasp/Desktop/My_Project/Ruby on Rails dev-course/Rails_projects/test_app/vendor/bundle/gems/nokogiri-1.10.3/ports/x86_64-apple-darwin17.7.0/libxml2/2.9.9/include/libxml2/libxml'
make[4]: Nothing to be done for `install-exec-am'.
make[4]: Nothing to be done for `install-data-am'.
Making install in .
 ./install-sh -c -d '/Users/wasp/Desktop/My_Project/Ruby on Rails dev-course/Rails_projects/test_app/vendor/bundle/gems/nokogiri-1.10.3/ports/x86_64-apple-darwin17.7.0/libxml2/2.9.9/lib'
 /bin/sh ./libtool   --mode=install /usr/bin/install -c   libxml2.la '/Users/wasp/Desktop/My_Project/Ruby on Rails dev-course/Rails_projects/test_app/vendor/bundle/gems/nokogiri-1.10.3/ports/x86_64-apple-darwin17.7.0/libxml2/2.9.9/lib'
libtool: install: /usr/bin/install -c .libs/libxml2.lai /Users/wasp/Desktop/My_Project/Ruby on Rails dev-course/Rails_projects/test_app/vendor/bundle/gems/nokogiri-1.10.3/ports/x86_64-apple-darwin17.7.0/libxml2/2.9.9/lib/libxml2.la
usage: install [-bCcpSsv] [-B suffix] [-f flags] [-g group] [-m mode]
               [-o owner] file1 file2
       install [-bCcpSsv] [-B suffix] [-f flags] [-g group] [-m mode]
               [-o owner] file1 ... fileN directory
       install -d [-v] [-g group] [-m mode] [-o owner] directory ...
make[3]: *** [install-libLTLIBRARIES] Error 64
make[2]: *** [install-am] Error 2
make[1]: *** [install-recursive] Error 1
make: *** [install] Error 2
========================================================================
*** extconf.rb failed ***
Could not create Makefile due to some reason, probably lack of necessary
libraries and/or headers.  Check the mkmf.log file for more details.  You may
need configuration options.

Provided configuration options:
	--with-opt-dir
	--without-opt-dir
	--with-opt-include
	--without-opt-include=${opt-dir}/include
	--with-opt-lib
	--without-opt-lib=${opt-dir}/lib
	--with-make-prog
	--without-make-prog
	--srcdir=.
	--curdir
	--ruby=/Users/wasp/.rbenv/versions/2.5.0/bin/$(RUBY_BASE_NAME)
	--help
	--clean
	--use-system-libraries
	--enable-static
	--disable-static
	--with-zlib-dir
	--without-zlib-dir
	--with-zlib-include
	--without-zlib-include=${zlib-dir}/include
	--with-zlib-lib
	--without-zlib-lib=${zlib-dir}/lib
	--enable-cross-build
	--disable-cross-build
/Users/wasp/Desktop/My_Project/Ruby on Rails dev-course/Rails_projects/test_app/vendor/bundle/gems/mini_portile2-2.4.0/lib/mini_portile2/mini_portile.rb:402:in `block in execute': Failed to complete install task (RuntimeError)
	from /Users/wasp/Desktop/My_Project/Ruby on Rails dev-course/Rails_projects/test_app/vendor/bundle/gems/mini_portile2-2.4.0/lib/mini_portile2/mini_portile.rb:373:in `chdir'
	from /Users/wasp/Desktop/My_Project/Ruby on Rails dev-course/Rails_projects/test_app/vendor/bundle/gems/mini_portile2-2.4.0/lib/mini_portile2/mini_portile.rb:373:in `execute'
	from /Users/wasp/Desktop/My_Project/Ruby on Rails dev-course/Rails_projects/test_app/vendor/bundle/gems/mini_portile2-2.4.0/lib/mini_portile2/mini_portile.rb:120:in `install'
	from /Users/wasp/Desktop/My_Project/Ruby on Rails dev-course/Rails_projects/test_app/vendor/bundle/gems/mini_portile2-2.4.0/lib/mini_portile2/mini_portile.rb:155:in `cook'
	from extconf.rb:365:in `block (2 levels) in process_recipe'
	from extconf.rb:257:in `block in chdir_for_build'
	from extconf.rb:256:in `chdir'
	from extconf.rb:256:in `chdir_for_build'
	from extconf.rb:364:in `block in process_recipe'
	from extconf.rb:262:in `tap'
	from extconf.rb:262:in `process_recipe'
	from extconf.rb:557:in `<main>'

To see why this extension failed to compile, please check the mkmf.log which can be found here:

  /Users/wasp/Desktop/My_Project/Ruby on Rails dev-course/Rails_projects/test_app/vendor/bundle/extensions/x86_64-darwin-17/2.5.0-static/nokogiri-1.10.3/mkmf.log

extconf failed, exit code 1
